  [1m[35m (6.7ms)[0m  [1m[34mSELECT pg_try_advisory_lock(1923310492946048640)[0m
  [1m[35m (1.6ms)[0m  [1m[34mSELECT "schema_migrations"."version" FROM "schema_migrations" ORDER BY "schema_migrations"."version" ASC[0m
  [1m[36mActiveRecord::InternalMetadata Load (18.7ms)[0m  [1m[34mSELECT  "ar_internal_metadata".* FROM "ar_internal_metadata" WHERE "ar_internal_metadata"."key" = $1 LIMIT $2[0m  [["key", "environment"], ["LIMIT", 1]]
  [1m[35m (0.2ms)[0m  [1m[35mBEGIN[0m
  [1m[35m (0.2ms)[0m  [1m[35mCOMMIT[0m
  [1m[35m (0.3ms)[0m  [1m[34mSELECT pg_advisory_unlock(1923310492946048640)[0m
  [1m[35m (0.3ms)[0m  [1m[34mSELECT "schema_migrations"."version" FROM "schema_migrations" ORDER BY "schema_migrations"."version" ASC[0m
  [1m[35m (1.1ms)[0m  [1m[34mSELECT "schema_migrations"."version" FROM "schema_migrations" ORDER BY "schema_migrations"."version" ASC[0m
  [1m[35m (0.4ms)[0m  [1m[34mSELECT "ar_internal_metadata"."value" FROM "ar_internal_metadata" WHERE "ar_internal_metadata"."key" = $1[0m  [["key", "environment"]]
  [1m[35m (0.2ms)[0m  [1m[34mSELECT "schema_migrations"."version" FROM "schema_migrations" ORDER BY "schema_migrations"."version" ASC[0m
  [1m[35m (0.2ms)[0m  [1m[34mSELECT "ar_internal_metadata"."value" FROM "ar_internal_metadata" WHERE "ar_internal_metadata"."key" = $1[0m  [["key", "environment"]]
  [1m[35m (0.2ms)[0m  [1m[34mSELECT "schema_migrations"."version" FROM "schema_migrations" ORDER BY "schema_migrations"."version" ASC[0m
  [1m[35m (0.2ms)[0m  [1m[34mSELECT "ar_internal_metadata"."value" FROM "ar_internal_metadata" WHERE "ar_internal_metadata"."key" = $1[0m  [["key", "environment"]]
  [1m[35mSQL (12.7ms)[0m  [1m[35mCREATE EXTENSION IF NOT EXISTS "plpgsql"[0m
  [1m[35m (13.5ms)[0m  [1m[35mDROP TABLE IF EXISTS "blogs" CASCADE[0m
  [1m[35m (11.8ms)[0m  [1m[35mCREATE TABLE "blogs" ("id" bigserial primary key, "title" character varying, "body" text, "created_at" timestamp NOT NULL, "updated_at" timestamp NOT NULL, "slug" character varying, "status" integer DEFAULT 0, "topic_id" bigint)[0m
  [1m[35m (2.0ms)[0m  [1m[35mCREATE UNIQUE INDEX  "index_blogs_on_slug" ON "blogs"  ("slug")[0m
  [1m[35m (1.1ms)[0m  [1m[35mCREATE  INDEX  "index_blogs_on_topic_id" ON "blogs"  ("topic_id")[0m
  [1m[35m (3.4ms)[0m  [1m[35mDROP TABLE IF EXISTS "friendly_id_slugs" CASCADE[0m
  [1m[35m (4.2ms)[0m  [1m[35mCREATE TABLE "friendly_id_slugs" ("id" bigserial primary key, "slug" character varying NOT NULL, "sluggable_id" integer NOT NULL, "sluggable_type" character varying(50), "scope" character varying, "created_at" timestamp)[0m
  [1m[35m (1.4ms)[0m  [1m[35mCREATE UNIQUE INDEX  "index_friendly_id_slugs_on_slug_and_sluggable_type_and_scope" ON "friendly_id_slugs"  ("slug", "sluggable_type", "scope")[0m
  [1m[35m (1.2ms)[0m  [1m[35mCREATE  INDEX  "index_friendly_id_slugs_on_slug_and_sluggable_type" ON "friendly_id_slugs"  ("slug", "sluggable_type")[0m
  [1m[35m (1.1ms)[0m  [1m[35mCREATE  INDEX  "index_friendly_id_slugs_on_sluggable_id" ON "friendly_id_slugs"  ("sluggable_id")[0m
  [1m[35m (1.0ms)[0m  [1m[35mCREATE  INDEX  "index_friendly_id_slugs_on_sluggable_type" ON "friendly_id_slugs"  ("sluggable_type")[0m
  [1m[35m (3.7ms)[0m  [1m[35mDROP TABLE IF EXISTS "portfolios" CASCADE[0m
  [1m[35m (4.6ms)[0m  [1m[35mCREATE TABLE "portfolios" ("id" bigserial primary key, "title" character varying, "subtitle" character varying, "body" text, "main_image" text, "thumb_image" text, "created_at" timestamp NOT NULL, "updated_at" timestamp NOT NULL)[0m
  [1m[35m (2.4ms)[0m  [1m[35mDROP TABLE IF EXISTS "skills" CASCADE[0m
  [1m[35m (6.7ms)[0m  [1m[35mCREATE TABLE "skills" ("id" bigserial primary key, "title" character varying, "percent_utilized" integer, "created_at" timestamp NOT NULL, "updated_at" timestamp NOT NULL, "badge" text)[0m
  [1m[35m (3.7ms)[0m  [1m[35mDROP TABLE IF EXISTS "technologies" CASCADE[0m
  [1m[35m (6.0ms)[0m  [1m[35mCREATE TABLE "technologies" ("id" bigserial primary key, "name" character varying, "portfolio_id" bigint, "created_at" timestamp NOT NULL, "updated_at" timestamp NOT NULL)[0m
  [1m[35m (1.2ms)[0m  [1m[35mCREATE  INDEX  "index_technologies_on_portfolio_id" ON "technologies"  ("portfolio_id")[0m
  [1m[35m (2.4ms)[0m  [1m[35mDROP TABLE IF EXISTS "topics" CASCADE[0m
  [1m[35m (4.4ms)[0m  [1m[35mCREATE TABLE "topics" ("id" bigserial primary key, "title" character varying, "created_at" timestamp NOT NULL, "updated_at" timestamp NOT NULL)[0m
  [1m[35m (3.1ms)[0m  [1m[35mDROP TABLE IF EXISTS "users" CASCADE[0m
  [1m[35m (5.9ms)[0m  [1m[35mCREATE TABLE "users" ("id" bigserial primary key, "email" character varying DEFAULT '' NOT NULL, "encrypted_password" character varying DEFAULT '' NOT NULL, "name" character varying, "reset_password_token" character varying, "reset_password_sent_at" timestamp, "remember_created_at" timestamp, "sign_in_count" integer DEFAULT 0 NOT NULL, "current_sign_in_at" timestamp, "last_sign_in_at" timestamp, "current_sign_in_ip" inet, "last_sign_in_ip" inet, "created_at" timestamp NOT NULL, "updated_at" timestamp NOT NULL)[0m
  [1m[35m (1.1ms)[0m  [1m[35mCREATE UNIQUE INDEX  "index_users_on_email" ON "users"  ("email")[0m
  [1m[35m (1.1ms)[0m  [1m[35mCREATE UNIQUE INDEX  "index_users_on_reset_password_token" ON "users"  ("reset_password_token")[0m
  [1m[35m (4.6ms)[0m  [1m[35mALTER TABLE "blogs" ADD CONSTRAINT "fk_rails_7f5637ea0d"
FOREIGN KEY ("topic_id")
  REFERENCES "topics" ("id")
[0m
  [1m[35m (2.1ms)[0m  [1m[35mALTER TABLE "technologies" ADD CONSTRAINT "fk_rails_cc5ab4a1c3"
FOREIGN KEY ("portfolio_id")
  REFERENCES "portfolios" ("id")
[0m
  [1m[35m (1.1ms)[0m  [1m[34mSELECT "schema_migrations"."version" FROM "schema_migrations" ORDER BY "schema_migrations"."version" ASC[0m
  [1m[36mActiveRecord::InternalMetadata Load (0.4ms)[0m  [1m[34mSELECT  "ar_internal_metadata".* FROM "ar_internal_metadata" WHERE "ar_internal_metadata"."key" = $1 LIMIT $2[0m  [["key", "environment"], ["LIMIT", 1]]
  [1m[35m (0.1ms)[0m  [1m[35mBEGIN[0m
  [1m[35m (0.1ms)[0m  [1m[35mCOMMIT[0m
  [1m[36mActiveRecord::InternalMetadata Load (0.2ms)[0m  [1m[34mSELECT  "ar_internal_metadata".* FROM "ar_internal_metadata" WHERE "ar_internal_metadata"."key" = $1 LIMIT $2[0m  [["key", "environment"], ["LIMIT", 1]]
  [1m[35m (0.1ms)[0m  [1m[35mBEGIN[0m
  [1m[35m (0.1ms)[0m  [1m[35mCOMMIT[0m
  [1m[35mSQL (0.3ms)[0m  [1m[35mCREATE EXTENSION IF NOT EXISTS "plpgsql"[0m
  [1m[35m (8.5ms)[0m  [1m[35mDROP TABLE IF EXISTS "blogs" CASCADE[0m
  [1m[35m (6.2ms)[0m  [1m[35mCREATE TABLE "blogs" ("id" bigserial primary key, "title" character varying, "body" text, "created_at" timestamp NOT NULL, "updated_at" timestamp NOT NULL, "slug" character varying, "status" integer DEFAULT 0, "topic_id" bigint)[0m
  [1m[35m (1.4ms)[0m  [1m[35mCREATE UNIQUE INDEX  "index_blogs_on_slug" ON "blogs"  ("slug")[0m
  [1m[35m (1.7ms)[0m  [1m[35mCREATE  INDEX  "index_blogs_on_topic_id" ON "blogs"  ("topic_id")[0m
  [1m[35m (3.3ms)[0m  [1m[35mDROP TABLE IF EXISTS "friendly_id_slugs" CASCADE[0m
  [1m[35m (3.7ms)[0m  [1m[35mCREATE TABLE "friendly_id_slugs" ("id" bigserial primary key, "slug" character varying NOT NULL, "sluggable_id" integer NOT NULL, "sluggable_type" character varying(50), "scope" character varying, "created_at" timestamp)[0m
  [1m[35m (1.5ms)[0m  [1m[35mCREATE UNIQUE INDEX  "index_friendly_id_slugs_on_slug_and_sluggable_type_and_scope" ON "friendly_id_slugs"  ("slug", "sluggable_type", "scope")[0m
  [1m[35m (1.4ms)[0m  [1m[35mCREATE  INDEX  "index_friendly_id_slugs_on_slug_and_sluggable_type" ON "friendly_id_slugs"  ("slug", "sluggable_type")[0m
  [1m[35m (1.3ms)[0m  [1m[35mCREATE  INDEX  "index_friendly_id_slugs_on_sluggable_id" ON "friendly_id_slugs"  ("sluggable_id")[0m
  [1m[35m (0.9ms)[0m  [1m[35mCREATE  INDEX  "index_friendly_id_slugs_on_sluggable_type" ON "friendly_id_slugs"  ("sluggable_type")[0m
  [1m[35m (2.9ms)[0m  [1m[35mDROP TABLE IF EXISTS "portfolios" CASCADE[0m
  [1m[35m (3.9ms)[0m  [1m[35mCREATE TABLE "portfolios" ("id" bigserial primary key, "title" character varying, "subtitle" character varying, "body" text, "main_image" text, "thumb_image" text, "created_at" timestamp NOT NULL, "updated_at" timestamp NOT NULL)[0m
  [1m[35m (2.1ms)[0m  [1m[35mDROP TABLE IF EXISTS "skills" CASCADE[0m
  [1m[35m (3.3ms)[0m  [1m[35mCREATE TABLE "skills" ("id" bigserial primary key, "title" character varying, "percent_utilized" integer, "created_at" timestamp NOT NULL, "updated_at" timestamp NOT NULL, "badge" text)[0m
  [1m[35m (2.8ms)[0m  [1m[35mDROP TABLE IF EXISTS "technologies" CASCADE[0m
  [1m[35m (5.2ms)[0m  [1m[35mCREATE TABLE "technologies" ("id" bigserial primary key, "name" character varying, "portfolio_id" bigint, "created_at" timestamp NOT NULL, "updated_at" timestamp NOT NULL)[0m
  [1m[35m (1.2ms)[0m  [1m[35mCREATE  INDEX  "index_technologies_on_portfolio_id" ON "technologies"  ("portfolio_id")[0m
  [1m[35m (2.4ms)[0m  [1m[35mDROP TABLE IF EXISTS "topics" CASCADE[0m
  [1m[35m (3.7ms)[0m  [1m[35mCREATE TABLE "topics" ("id" bigserial primary key, "title" character varying, "created_at" timestamp NOT NULL, "updated_at" timestamp NOT NULL)[0m
  [1m[35m (0.3ms)[0m  [1m[35mDROP TABLE IF EXISTS "users" CASCADE[0m
  [1m[35m (4.1ms)[0m  [1m[35mCREATE TABLE "users" ("id" bigserial primary key, "email" character varying DEFAULT '' NOT NULL, "encrypted_password" character varying DEFAULT '' NOT NULL, "name" character varying, "reset_password_token" character varying, "reset_password_sent_at" timestamp, "remember_created_at" timestamp, "sign_in_count" integer DEFAULT 0 NOT NULL, "current_sign_in_at" timestamp, "last_sign_in_at" timestamp, "current_sign_in_ip" inet, "last_sign_in_ip" inet, "created_at" timestamp NOT NULL, "updated_at" timestamp NOT NULL)[0m
  [1m[35m (1.1ms)[0m  [1m[35mCREATE UNIQUE INDEX  "index_users_on_email" ON "users"  ("email")[0m
  [1m[35m (1.0ms)[0m  [1m[35mCREATE UNIQUE INDEX  "index_users_on_reset_password_token" ON "users"  ("reset_password_token")[0m
  [1m[35m (2.4ms)[0m  [1m[35mALTER TABLE "blogs" ADD CONSTRAINT "fk_rails_7f5637ea0d"
FOREIGN KEY ("topic_id")
  REFERENCES "topics" ("id")
[0m
  [1m[35m (1.8ms)[0m  [1m[35mALTER TABLE "technologies" ADD CONSTRAINT "fk_rails_cc5ab4a1c3"
FOREIGN KEY ("portfolio_id")
  REFERENCES "portfolios" ("id")
[0m
  [1m[35m (0.9ms)[0m  [1m[34mSELECT "schema_migrations"."version" FROM "schema_migrations" ORDER BY "schema_migrations"."version" ASC[0m
  [1m[35m (0.6ms)[0m  [1m[32mINSERT INTO "schema_migrations" (version) VALUES (20180126184023)[0m
  [1m[36mActiveRecord::InternalMetadata Load (0.4ms)[0m  [1m[34mSELECT  "ar_internal_metadata".* FROM "ar_internal_metadata" WHERE "ar_internal_metadata"."key" = $1 LIMIT $2[0m  [["key", "environment"], ["LIMIT", 1]]
  [1m[35m (0.1ms)[0m  [1m[35mBEGIN[0m
  [1m[35m (0.1ms)[0m  [1m[35mCOMMIT[0m
  [1m[36mActiveRecord::InternalMetadata Load (0.2ms)[0m  [1m[34mSELECT  "ar_internal_metadata".* FROM "ar_internal_metadata" WHERE "ar_internal_metadata"."key" = $1 LIMIT $2[0m  [["key", "environment"], ["LIMIT", 1]]
  [1m[35m (0.1ms)[0m  [1m[35mBEGIN[0m
  [1m[35m (0.1ms)[0m  [1m[35mCOMMIT[0m
  [1m[35m (0.9ms)[0m  [1m[34mSELECT "schema_migrations"."version" FROM "schema_migrations" ORDER BY "schema_migrations"."version" ASC[0m
  [1m[35m (0.1ms)[0m  [1m[35mBEGIN[0m
  [1m[35mSQL (1.4ms)[0m  [1m[32mINSERT INTO "topics" ("title", "created_at", "updated_at") VALUES ($1, $2, $3) RETURNING "id"[0m  [["title", "Topic 0"], ["created_at", "2018-01-29 15:47:04.463754"], ["updated_at", "2018-01-29 15:47:04.463754"]]
  [1m[35m (5.2ms)[0m  [1m[35mCOMMIT[0m
  [1m[35m (0.2ms)[0m  [1m[35mBEGIN[0m
  [1m[35mSQL (0.5ms)[0m  [1m[32mINSERT INTO "topics" ("title", "created_at", "updated_at") VALUES ($1, $2, $3) RETURNING "id"[0m  [["title", "Topic 1"], ["created_at", "2018-01-29 15:47:04.472763"], ["updated_at", "2018-01-29 15:47:04.472763"]]
  [1m[35m (0.4ms)[0m  [1m[35mCOMMIT[0m
  [1m[35m (0.1ms)[0m  [1m[35mBEGIN[0m
  [1m[35mSQL (0.4ms)[0m  [1m[32mINSERT INTO "topics" ("title", "created_at", "updated_at") VALUES ($1, $2, $3) RETURNING "id"[0m  [["title", "Topic 2"], ["created_at", "2018-01-29 15:47:04.475451"], ["updated_at", "2018-01-29 15:47:04.475451"]]
  [1m[35m (0.3ms)[0m  [1m[35mCOMMIT[0m
  [1m[36mTopic Load (0.3ms)[0m  [1m[34mSELECT  "topics".* FROM "topics" ORDER BY "topics"."id" DESC LIMIT $1[0m  [["LIMIT", 1]]
  [1m[35m (0.2ms)[0m  [1m[35mBEGIN[0m
  [1m[36mBlog Exists (1.0ms)[0m  [1m[34mSELECT  1 AS one FROM "blogs" WHERE ("blogs"."id" IS NOT NULL) AND "blogs"."slug" = $1 LIMIT $2[0m  [["slug", "my-blog-post-0"], ["LIMIT", 1]]
  [1m[36mTopic Load (0.3ms)[0m  [1m[34mSELECT  "topics".* FROM "topics" WHERE "topics"."id" = $1 LIMIT $2[0m  [["id", 3], ["LIMIT", 1]]
  [1m[35mSQL (1.1ms)[0m  [1m[32mINSERT INTO "blogs" ("title", "body", "created_at", "updated_at", "slug", "topic_id") VALUES ($1, $2, $3, $4, $5, $6) RETURNING "id"[0m  [["title", "My Blog Post 0"], ["body", "Sed ut perspiciatis unde omnis iste natus error sit voluptatem accusantium doloremque laudantium, totam rem aperiam, eaque ipsa quae ab illo inventore veritatis et quasi architecto beatae vitae dicta sunt explicabo. Nemo enim ipsam voluptatem quia voluptas sit aspernatur aut odit aut fugit, sed quia consequuntur magni dolores eos qui ratione voluptatem sequi nesciunt. Neque porro quisquam est, qui dolorem ipsum quia dolor sit amet, consectetur, adipisci velit, sed quia non numquam eius modi tempora incidunt ut labore et dolore magnam aliquam quaerat voluptatem. Ut enim ad minima veniam, quis nostrum exercitationem ullam corporis suscipit laboriosam, nisi ut aliquid ex ea commodi consequatur? Quis autem vel eum iure reprehenderit qui in ea voluptate velit esse quam nihil molestiae consequatur, vel illum qui dolorem eum fugiat quo voluptas nulla pariatur?"], ["created_at", "2018-01-29 15:47:04.599339"], ["updated_at", "2018-01-29 15:47:04.599339"], ["slug", "my-blog-post-0"], ["topic_id", 3]]
  [1m[35m (0.3ms)[0m  [1m[35mCOMMIT[0m
  [1m[36mTopic Load (0.2ms)[0m  [1m[34mSELECT  "topics".* FROM "topics" ORDER BY "topics"."id" DESC LIMIT $1[0m  [["LIMIT", 1]]
  [1m[35m (0.1ms)[0m  [1m[35mBEGIN[0m
  [1m[36mBlog Exists (0.5ms)[0m  [1m[34mSELECT  1 AS one FROM "blogs" WHERE ("blogs"."id" IS NOT NULL) AND "blogs"."slug" = $1 LIMIT $2[0m  [["slug", "my-blog-post-1"], ["LIMIT", 1]]
  [1m[36mTopic Load (0.3ms)[0m  [1m[34mSELECT  "topics".* FROM "topics" WHERE "topics"."id" = $1 LIMIT $2[0m  [["id", 3], ["LIMIT", 1]]
  [1m[35mSQL (0.5ms)[0m  [1m[32mINSERT INTO "blogs" ("title", "body", "created_at", "updated_at", "slug", "topic_id") VALUES ($1, $2, $3, $4, $5, $6) RETURNING "id"[0m  [["title", "My Blog Post 1"], ["body", "Sed ut perspiciatis unde omnis iste natus error sit voluptatem accusantium doloremque laudantium, totam rem aperiam, eaque ipsa quae ab illo inventore veritatis et quasi architecto beatae vitae dicta sunt explicabo. Nemo enim ipsam voluptatem quia voluptas sit aspernatur aut odit aut fugit, sed quia consequuntur magni dolores eos qui ratione voluptatem sequi nesciunt. Neque porro quisquam est, qui dolorem ipsum quia dolor sit amet, consectetur, adipisci velit, sed quia non numquam eius modi tempora incidunt ut labore et dolore magnam aliquam quaerat voluptatem. Ut enim ad minima veniam, quis nostrum exercitationem ullam corporis suscipit laboriosam, nisi ut aliquid ex ea commodi consequatur? Quis autem vel eum iure reprehenderit qui in ea voluptate velit esse quam nihil molestiae consequatur, vel illum qui dolorem eum fugiat quo voluptas nulla pariatur?"], ["created_at", "2018-01-29 15:47:04.610913"], ["updated_at", "2018-01-29 15:47:04.610913"], ["slug", "my-blog-post-1"], ["topic_id", 3]]
  [1m[35m (6.0ms)[0m  [1m[35mCOMMIT[0m
  [1m[36mTopic Load (0.4ms)[0m  [1m[34mSELECT  "topics".* FROM "topics" ORDER BY "topics"."id" DESC LIMIT $1[0m  [["LIMIT", 1]]
  [1m[35m (0.2ms)[0m  [1m[35mBEGIN[0m
  [1m[36mBlog Exists (0.4ms)[0m  [1m[34mSELECT  1 AS one FROM "blogs" WHERE ("blogs"."id" IS NOT NULL) AND "blogs"."slug" = $1 LIMIT $2[0m  [["slug", "my-blog-post-2"], ["LIMIT", 1]]
  [1m[36mTopic Load (0.4ms)[0m  [1m[34mSELECT  "topics".* FROM "topics" WHERE "topics"."id" = $1 LIMIT $2[0m  [["id", 3], ["LIMIT", 1]]
  [1m[35mSQL (0.5ms)[0m  [1m[32mINSERT INTO "blogs" ("title", "body", "created_at", "updated_at", "slug", "topic_id") VALUES ($1, $2, $3, $4, $5, $6) RETURNING "id"[0m  [["title", "My Blog Post 2"], ["body", "Sed ut perspiciatis unde omnis iste natus error sit voluptatem accusantium doloremque laudantium, totam rem aperiam, eaque ipsa quae ab illo inventore veritatis et quasi architecto beatae vitae dicta sunt explicabo. Nemo enim ipsam voluptatem quia voluptas sit aspernatur aut odit aut fugit, sed quia consequuntur magni dolores eos qui ratione voluptatem sequi nesciunt. Neque porro quisquam est, qui dolorem ipsum quia dolor sit amet, consectetur, adipisci velit, sed quia non numquam eius modi tempora incidunt ut labore et dolore magnam aliquam quaerat voluptatem. Ut enim ad minima veniam, quis nostrum exercitationem ullam corporis suscipit laboriosam, nisi ut aliquid ex ea commodi consequatur? Quis autem vel eum iure reprehenderit qui in ea voluptate velit esse quam nihil molestiae consequatur, vel illum qui dolorem eum fugiat quo voluptas nulla pariatur?"], ["created_at", "2018-01-29 15:47:04.622918"], ["updated_at", "2018-01-29 15:47:04.622918"], ["slug", "my-blog-post-2"], ["topic_id", 3]]
  [1m[35m (0.6ms)[0m  [1m[35mCOMMIT[0m
  [1m[36mTopic Load (0.3ms)[0m  [1m[34mSELECT  "topics".* FROM "topics" ORDER BY "topics"."id" DESC LIMIT $1[0m  [["LIMIT", 1]]
  [1m[35m (0.1ms)[0m  [1m[35mBEGIN[0m
  [1m[36mBlog Exists (0.4ms)[0m  [1m[34mSELECT  1 AS one FROM "blogs" WHERE ("blogs"."id" IS NOT NULL) AND "blogs"."slug" = $1 LIMIT $2[0m  [["slug", "my-blog-post-3"], ["LIMIT", 1]]
  [1m[36mTopic Load (0.3ms)[0m  [1m[34mSELECT  "topics".* FROM "topics" WHERE "topics"."id" = $1 LIMIT $2[0m  [["id", 3], ["LIMIT", 1]]
  [1m[35mSQL (0.5ms)[0m  [1m[32mINSERT INTO "blogs" ("title", "body", "created_at", "updated_at", "slug", "topic_id") VALUES ($1, $2, $3, $4, $5, $6) RETURNING "id"[0m  [["title", "My Blog Post 3"], ["body", "Sed ut perspiciatis unde omnis iste natus error sit voluptatem accusantium doloremque laudantium, totam rem aperiam, eaque ipsa quae ab illo inventore veritatis et quasi architecto beatae vitae dicta sunt explicabo. Nemo enim ipsam voluptatem quia voluptas sit aspernatur aut odit aut fugit, sed quia consequuntur magni dolores eos qui ratione voluptatem sequi nesciunt. Neque porro quisquam est, qui dolorem ipsum quia dolor sit amet, consectetur, adipisci velit, sed quia non numquam eius modi tempora incidunt ut labore et dolore magnam aliquam quaerat voluptatem. Ut enim ad minima veniam, quis nostrum exercitationem ullam corporis suscipit laboriosam, nisi ut aliquid ex ea commodi consequatur? Quis autem vel eum iure reprehenderit qui in ea voluptate velit esse quam nihil molestiae consequatur, vel illum qui dolorem eum fugiat quo voluptas nulla pariatur?"], ["created_at", "2018-01-29 15:47:04.628394"], ["updated_at", "2018-01-29 15:47:04.628394"], ["slug", "my-blog-post-3"], ["topic_id", 3]]
  [1m[35m (0.3ms)[0m  [1m[35mCOMMIT[0m
  [1m[36mTopic Load (0.2ms)[0m  [1m[34mSELECT  "topics".* FROM "topics" ORDER BY "topics"."id" DESC LIMIT $1[0m  [["LIMIT", 1]]
  [1m[35m (0.1ms)[0m  [1m[35mBEGIN[0m
  [1m[36mBlog Exists (0.3ms)[0m  [1m[34mSELECT  1 AS one FROM "blogs" WHERE ("blogs"."id" IS NOT NULL) AND "blogs"."slug" = $1 LIMIT $2[0m  [["slug", "my-blog-post-4"], ["LIMIT", 1]]
  [1m[36mTopic Load (0.3ms)[0m  [1m[34mSELECT  "topics".* FROM "topics" WHERE "topics"."id" = $1 LIMIT $2[0m  [["id", 3], ["LIMIT", 1]]
  [1m[35mSQL (0.4ms)[0m  [1m[32mINSERT INTO "blogs" ("title", "body", "created_at", "updated_at", "slug", "topic_id") VALUES ($1, $2, $3, $4, $5, $6) RETURNING "id"[0m  [["title", "My Blog Post 4"], ["body", "Sed ut perspiciatis unde omnis iste natus error sit voluptatem accusantium doloremque laudantium, totam rem aperiam, eaque ipsa quae ab illo inventore veritatis et quasi architecto beatae vitae dicta sunt explicabo. Nemo enim ipsam voluptatem quia voluptas sit aspernatur aut odit aut fugit, sed quia consequuntur magni dolores eos qui ratione voluptatem sequi nesciunt. Neque porro quisquam est, qui dolorem ipsum quia dolor sit amet, consectetur, adipisci velit, sed quia non numquam eius modi tempora incidunt ut labore et dolore magnam aliquam quaerat voluptatem. Ut enim ad minima veniam, quis nostrum exercitationem ullam corporis suscipit laboriosam, nisi ut aliquid ex ea commodi consequatur? Quis autem vel eum iure reprehenderit qui in ea voluptate velit esse quam nihil molestiae consequatur, vel illum qui dolorem eum fugiat quo voluptas nulla pariatur?"], ["created_at", "2018-01-29 15:47:04.632772"], ["updated_at", "2018-01-29 15:47:04.632772"], ["slug", "my-blog-post-4"], ["topic_id", 3]]
  [1m[35m (0.3ms)[0m  [1m[35mCOMMIT[0m
  [1m[36mTopic Load (0.3ms)[0m  [1m[34mSELECT  "topics".* FROM "topics" ORDER BY "topics"."id" DESC LIMIT $1[0m  [["LIMIT", 1]]
  [1m[35m (0.1ms)[0m  [1m[35mBEGIN[0m
  [1m[36mBlog Exists (0.3ms)[0m  [1m[34mSELECT  1 AS one FROM "blogs" WHERE ("blogs"."id" IS NOT NULL) AND "blogs"."slug" = $1 LIMIT $2[0m  [["slug", "my-blog-post-5"], ["LIMIT", 1]]
  [1m[36mTopic Load (0.3ms)[0m  [1m[34mSELECT  "topics".* FROM "topics" WHERE "topics"."id" = $1 LIMIT $2[0m  [["id", 3], ["LIMIT", 1]]
  [1m[35mSQL (0.5ms)[0m  [1m[32mINSERT INTO "blogs" ("title", "body", "created_at", "updated_at", "slug", "topic_id") VALUES ($1, $2, $3, $4, $5, $6) RETURNING "id"[0m  [["title", "My Blog Post 5"], ["body", "Sed ut perspiciatis unde omnis iste natus error sit voluptatem accusantium doloremque laudantium, totam rem aperiam, eaque ipsa quae ab illo inventore veritatis et quasi architecto beatae vitae dicta sunt explicabo. Nemo enim ipsam voluptatem quia voluptas sit aspernatur aut odit aut fugit, sed quia consequuntur magni dolores eos qui ratione voluptatem sequi nesciunt. Neque porro quisquam est, qui dolorem ipsum quia dolor sit amet, consectetur, adipisci velit, sed quia non numquam eius modi tempora incidunt ut labore et dolore magnam aliquam quaerat voluptatem. Ut enim ad minima veniam, quis nostrum exercitationem ullam corporis suscipit laboriosam, nisi ut aliquid ex ea commodi consequatur? Quis autem vel eum iure reprehenderit qui in ea voluptate velit esse quam nihil molestiae consequatur, vel illum qui dolorem eum fugiat quo voluptas nulla pariatur?"], ["created_at", "2018-01-29 15:47:04.637223"], ["updated_at", "2018-01-29 15:47:04.637223"], ["slug", "my-blog-post-5"], ["topic_id", 3]]
  [1m[35m (0.4ms)[0m  [1m[35mCOMMIT[0m
  [1m[36mTopic Load (0.4ms)[0m  [1m[34mSELECT  "topics".* FROM "topics" ORDER BY "topics"."id" DESC LIMIT $1[0m  [["LIMIT", 1]]
  [1m[35m (0.2ms)[0m  [1m[35mBEGIN[0m
  [1m[36mBlog Exists (0.4ms)[0m  [1m[34mSELECT  1 AS one FROM "blogs" WHERE ("blogs"."id" IS NOT NULL) AND "blogs"."slug" = $1 LIMIT $2[0m  [["slug", "my-blog-post-6"], ["LIMIT", 1]]
  [1m[36mTopic Load (0.4ms)[0m  [1m[34mSELECT  "topics".* FROM "topics" WHERE "topics"."id" = $1 LIMIT $2[0m  [["id", 3], ["LIMIT", 1]]
  [1m[35mSQL (0.5ms)[0m  [1m[32mINSERT INTO "blogs" ("title", "body", "created_at", "updated_at", "slug", "topic_id") VALUES ($1, $2, $3, $4, $5, $6) RETURNING "id"[0m  [["title", "My Blog Post 6"], ["body", "Sed ut perspiciatis unde omnis iste natus error sit voluptatem accusantium doloremque laudantium, totam rem aperiam, eaque ipsa quae ab illo inventore veritatis et quasi architecto beatae vitae dicta sunt explicabo. Nemo enim ipsam voluptatem quia voluptas sit aspernatur aut odit aut fugit, sed quia consequuntur magni dolores eos qui ratione voluptatem sequi nesciunt. Neque porro quisquam est, qui dolorem ipsum quia dolor sit amet, consectetur, adipisci velit, sed quia non numquam eius modi tempora incidunt ut labore et dolore magnam aliquam quaerat voluptatem. Ut enim ad minima veniam, quis nostrum exercitationem ullam corporis suscipit laboriosam, nisi ut aliquid ex ea commodi consequatur? Quis autem vel eum iure reprehenderit qui in ea voluptate velit esse quam nihil molestiae consequatur, vel illum qui dolorem eum fugiat quo voluptas nulla pariatur?"], ["created_at", "2018-01-29 15:47:04.643052"], ["updated_at", "2018-01-29 15:47:04.643052"], ["slug", "my-blog-post-6"], ["topic_id", 3]]
  [1m[35m (0.3ms)[0m  [1m[35mCOMMIT[0m
  [1m[36mTopic Load (0.2ms)[0m  [1m[34mSELECT  "topics".* FROM "topics" ORDER BY "topics"."id" DESC LIMIT $1[0m  [["LIMIT", 1]]
  [1m[35m (0.1ms)[0m  [1m[35mBEGIN[0m
  [1m[36mBlog Exists (0.3ms)[0m  [1m[34mSELECT  1 AS one FROM "blogs" WHERE ("blogs"."id" IS NOT NULL) AND "blogs"."slug" = $1 LIMIT $2[0m  [["slug", "my-blog-post-7"], ["LIMIT", 1]]
  [1m[36mTopic Load (0.3ms)[0m  [1m[34mSELECT  "topics".* FROM "topics" WHERE "topics"."id" = $1 LIMIT $2[0m  [["id", 3], ["LIMIT", 1]]
  [1m[35mSQL (0.4ms)[0m  [1m[32mINSERT INTO "blogs" ("title", "body", "created_at", "updated_at", "slug", "topic_id") VALUES ($1, $2, $3, $4, $5, $6) RETURNING "id"[0m  [["title", "My Blog Post 7"], ["body", "Sed ut perspiciatis unde omnis iste natus error sit voluptatem accusantium doloremque laudantium, totam rem aperiam, eaque ipsa quae ab illo inventore veritatis et quasi architecto beatae vitae dicta sunt explicabo. Nemo enim ipsam voluptatem quia voluptas sit aspernatur aut odit aut fugit, sed quia consequuntur magni dolores eos qui ratione voluptatem sequi nesciunt. Neque porro quisquam est, qui dolorem ipsum quia dolor sit amet, consectetur, adipisci velit, sed quia non numquam eius modi tempora incidunt ut labore et dolore magnam aliquam quaerat voluptatem. Ut enim ad minima veniam, quis nostrum exercitationem ullam corporis suscipit laboriosam, nisi ut aliquid ex ea commodi consequatur? Quis autem vel eum iure reprehenderit qui in ea voluptate velit esse quam nihil molestiae consequatur, vel illum qui dolorem eum fugiat quo voluptas nulla pariatur?"], ["created_at", "2018-01-29 15:47:04.647890"], ["updated_at", "2018-01-29 15:47:04.647890"], ["slug", "my-blog-post-7"], ["topic_id", 3]]
  [1m[35m (0.3ms)[0m  [1m[35mCOMMIT[0m
  [1m[36mTopic Load (0.2ms)[0m  [1m[34mSELECT  "topics".* FROM "topics" ORDER BY "topics"."id" DESC LIMIT $1[0m  [["LIMIT", 1]]
  [1m[35m (0.1ms)[0m  [1m[35mBEGIN[0m
  [1m[36mBlog Exists (0.3ms)[0m  [1m[34mSELECT  1 AS one FROM "blogs" WHERE ("blogs"."id" IS NOT NULL) AND "blogs"."slug" = $1 LIMIT $2[0m  [["slug", "my-blog-post-8"], ["LIMIT", 1]]
  [1m[36mTopic Load (0.3ms)[0m  [1m[34mSELECT  "topics".* FROM "topics" WHERE "topics"."id" = $1 LIMIT $2[0m  [["id", 3], ["LIMIT", 1]]
  [1m[35mSQL (0.7ms)[0m  [1m[32mINSERT INTO "blogs" ("title", "body", "created_at", "updated_at", "slug", "topic_id") VALUES ($1, $2, $3, $4, $5, $6) RETURNING "id"[0m  [["title", "My Blog Post 8"], ["body", "Sed ut perspiciatis unde omnis iste natus error sit voluptatem accusantium doloremque laudantium, totam rem aperiam, eaque ipsa quae ab illo inventore veritatis et quasi architecto beatae vitae dicta sunt explicabo. Nemo enim ipsam voluptatem quia voluptas sit aspernatur aut odit aut fugit, sed quia consequuntur magni dolores eos qui ratione voluptatem sequi nesciunt. Neque porro quisquam est, qui dolorem ipsum quia dolor sit amet, consectetur, adipisci velit, sed quia non numquam eius modi tempora incidunt ut labore et dolore magnam aliquam quaerat voluptatem. Ut enim ad minima veniam, quis nostrum exercitationem ullam corporis suscipit laboriosam, nisi ut aliquid ex ea commodi consequatur? Quis autem vel eum iure reprehenderit qui in ea voluptate velit esse quam nihil molestiae consequatur, vel illum qui dolorem eum fugiat quo voluptas nulla pariatur?"], ["created_at", "2018-01-29 15:47:04.652040"], ["updated_at", "2018-01-29 15:47:04.652040"], ["slug", "my-blog-post-8"], ["topic_id", 3]]
  [1m[35m (0.3ms)[0m  [1m[35mCOMMIT[0m
  [1m[36mTopic Load (0.3ms)[0m  [1m[34mSELECT  "topics".* FROM "topics" ORDER BY "topics"."id" DESC LIMIT $1[0m  [["LIMIT", 1]]
  [1m[35m (0.2ms)[0m  [1m[35mBEGIN[0m
  [1m[36mBlog Exists (0.4ms)[0m  [1m[34mSELECT  1 AS one FROM "blogs" WHERE ("blogs"."id" IS NOT NULL) AND "blogs"."slug" = $1 LIMIT $2[0m  [["slug", "my-blog-post-9"], ["LIMIT", 1]]
  [1m[36mTopic Load (0.4ms)[0m  [1m[34mSELECT  "topics".* FROM "topics" WHERE "topics"."id" = $1 LIMIT $2[0m  [["id", 3], ["LIMIT", 1]]
  [1m[35mSQL (0.5ms)[0m  [1m[32mINSERT INTO "blogs" ("title", "body", "created_at", "updated_at", "slug", "topic_id") VALUES ($1, $2, $3, $4, $5, $6) RETURNING "id"[0m  [["title", "My Blog Post 9"], ["body", "Sed ut perspiciatis unde omnis iste natus error sit voluptatem accusantium doloremque laudantium, totam rem aperiam, eaque ipsa quae ab illo inventore veritatis et quasi architecto beatae vitae dicta sunt explicabo. Nemo enim ipsam voluptatem quia voluptas sit aspernatur aut odit aut fugit, sed quia consequuntur magni dolores eos qui ratione voluptatem sequi nesciunt. Neque porro quisquam est, qui dolorem ipsum quia dolor sit amet, consectetur, adipisci velit, sed quia non numquam eius modi tempora incidunt ut labore et dolore magnam aliquam quaerat voluptatem. Ut enim ad minima veniam, quis nostrum exercitationem ullam corporis suscipit laboriosam, nisi ut aliquid ex ea commodi consequatur? Quis autem vel eum iure reprehenderit qui in ea voluptate velit esse quam nihil molestiae consequatur, vel illum qui dolorem eum fugiat quo voluptas nulla pariatur?"], ["created_at", "2018-01-29 15:47:04.657642"], ["updated_at", "2018-01-29 15:47:04.657642"], ["slug", "my-blog-post-9"], ["topic_id", 3]]
  [1m[35m (0.3ms)[0m  [1m[35mCOMMIT[0m
  [1m[35m (0.2ms)[0m  [1m[35mBEGIN[0m
  [1m[35mSQL (0.8ms)[0m  [1m[32mINSERT INTO "skills" ("title", "percent_utilized", "created_at", "updated_at", "badge") VALUES ($1, $2, $3, $4, $5) RETURNING "id"[0m  [["title", "Rails 0"], ["percent_utilized", 15], ["created_at", "2018-01-29 15:47:04.672494"], ["updated_at", "2018-01-29 15:47:04.672494"], ["badge", "http://via.placeholder.com/200x600"]]
  [1m[35m (0.3ms)[0m  [1m[35mCOMMIT[0m
  [1m[35m (0.1ms)[0m  [1m[35mBEGIN[0m
  [1m[35mSQL (0.3ms)[0m  [1m[32mINSERT INTO "skills" ("title", "percent_utilized", "created_at", "updated_at", "badge") VALUES ($1, $2, $3, $4, $5) RETURNING "id"[0m  [["title", "Rails 1"], ["percent_utilized", 15], ["created_at", "2018-01-29 15:47:04.675054"], ["updated_at", "2018-01-29 15:47:04.675054"], ["badge", "http://via.placeholder.com/200x600"]]
  [1m[35m (0.3ms)[0m  [1m[35mCOMMIT[0m
  [1m[35m (0.1ms)[0m  [1m[35mBEGIN[0m
  [1m[35mSQL (0.3ms)[0m  [1m[32mINSERT INTO "skills" ("title", "percent_utilized", "created_at", "updated_at", "badge") VALUES ($1, $2, $3, $4, $5) RETURNING "id"[0m  [["title", "Rails 2"], ["percent_utilized", 15], ["created_at", "2018-01-29 15:47:04.676848"], ["updated_at", "2018-01-29 15:47:04.676848"], ["badge", "http://via.placeholder.com/200x600"]]
  [1m[35m (0.3ms)[0m  [1m[35mCOMMIT[0m
  [1m[35m (0.1ms)[0m  [1m[35mBEGIN[0m
  [1m[35mSQL (0.3ms)[0m  [1m[32mINSERT INTO "skills" ("title", "percent_utilized", "created_at", "updated_at", "badge") VALUES ($1, $2, $3, $4, $5) RETURNING "id"[0m  [["title", "Rails 3"], ["percent_utilized", 15], ["created_at", "2018-01-29 15:47:04.678577"], ["updated_at", "2018-01-29 15:47:04.678577"], ["badge", "http://via.placeholder.com/200x600"]]
  [1m[35m (0.3ms)[0m  [1m[35mCOMMIT[0m
  [1m[35m (0.1ms)[0m  [1m[35mBEGIN[0m
  [1m[35mSQL (0.3ms)[0m  [1m[32mINSERT INTO "skills" ("title", "percent_utilized", "created_at", "updated_at", "badge") VALUES ($1, $2, $3, $4, $5) RETURNING "id"[0m  [["title", "Rails 4"], ["percent_utilized", 15], ["created_at", "2018-01-29 15:47:04.680073"], ["updated_at", "2018-01-29 15:47:04.680073"], ["badge", "http://via.placeholder.com/200x600"]]
  [1m[35m (0.2ms)[0m  [1m[35mCOMMIT[0m
  [1m[35m (0.2ms)[0m  [1m[35mBEGIN[0m
  [1m[35mSQL (0.8ms)[0m  [1m[32mINSERT INTO "portfolios" ("title", "subtitle", "body", "main_image", "thumb_image", "created_at", "updated_at") VALUES ($1, $2, $3, $4, $5, $6, $7) RETURNING "id"[0m  [["title", "portfolio title: 0"], ["subtitle", "Ruby on Rails"], ["body", "Sed ut perspiciatis unde omnis iste natus error sit voluptatem accusantium doloremque laudantium, totam rem aperiam, eaque ipsa quae ab illo inventore veritatis et quasi architecto beatae vitae dicta sunt explicabo. Nemo enim ipsam voluptatem quia voluptas sit aspernatur aut odit aut fugit, sed quia consequuntur magni dolores eos qui ratione voluptatem sequi nesciunt. Neque porro quisquam est, qui dolorem ipsum quia dolor sit amet, consectetur, adipisci velit, sed quia non numquam eius modi tempora incidunt ut labore et dolore magnam aliquam quaerat voluptatem. Ut enim ad minima veniam, quis nostrum exercitationem ullam corporis suscipit laboriosam, nisi ut aliquid ex ea commodi consequatur? Quis autem vel eum iure reprehenderit qui in ea voluptate velit esse quam nihil molestiae consequatur, vel illum qui dolorem eum fugiat quo voluptas nulla pariatur?"], ["main_image", "http://via.placeholder.com/500x200"], ["thumb_image", "http://via.placeholder.com/600x200"], ["created_at", "2018-01-29 15:47:04.694696"], ["updated_at", "2018-01-29 15:47:04.694696"]]
  [1m[35m (0.3ms)[0m  [1m[35mCOMMIT[0m
  [1m[35m (0.1ms)[0m  [1m[35mBEGIN[0m
  [1m[35mSQL (0.4ms)[0m  [1m[32mINSERT INTO "portfolios" ("title", "subtitle", "body", "main_image", "thumb_image", "created_at", "updated_at") VALUES ($1, $2, $3, $4, $5, $6, $7) RETURNING "id"[0m  [["title", "portfolio title: 1"], ["subtitle", "Ruby on Rails"], ["body", "Sed ut perspiciatis unde omnis iste natus error sit voluptatem accusantium doloremque laudantium, totam rem aperiam, eaque ipsa quae ab illo inventore veritatis et quasi architecto beatae vitae dicta sunt explicabo. Nemo enim ipsam voluptatem quia voluptas sit aspernatur aut odit aut fugit, sed quia consequuntur magni dolores eos qui ratione voluptatem sequi nesciunt. Neque porro quisquam est, qui dolorem ipsum quia dolor sit amet, consectetur, adipisci velit, sed quia non numquam eius modi tempora incidunt ut labore et dolore magnam aliquam quaerat voluptatem. Ut enim ad minima veniam, quis nostrum exercitationem ullam corporis suscipit laboriosam, nisi ut aliquid ex ea commodi consequatur? Quis autem vel eum iure reprehenderit qui in ea voluptate velit esse quam nihil molestiae consequatur, vel illum qui dolorem eum fugiat quo voluptas nulla pariatur?"], ["main_image", "http://via.placeholder.com/500x200"], ["thumb_image", "http://via.placeholder.com/600x200"], ["created_at", "2018-01-29 15:47:04.697457"], ["updated_at", "2018-01-29 15:47:04.697457"]]
  [1m[35m (0.3ms)[0m  [1m[35mCOMMIT[0m
  [1m[35m (0.1ms)[0m  [1m[35mBEGIN[0m
  [1m[35mSQL (0.4ms)[0m  [1m[32mINSERT INTO "portfolios" ("title", "subtitle", "body", "main_image", "thumb_image", "created_at", "updated_at") VALUES ($1, $2, $3, $4, $5, $6, $7) RETURNING "id"[0m  [["title", "portfolio title: 2"], ["subtitle", "Ruby on Rails"], ["body", "Sed ut perspiciatis unde omnis iste natus error sit voluptatem accusantium doloremque laudantium, totam rem aperiam, eaque ipsa quae ab illo inventore veritatis et quasi architecto beatae vitae dicta sunt explicabo. Nemo enim ipsam voluptatem quia voluptas sit aspernatur aut odit aut fugit, sed quia consequuntur magni dolores eos qui ratione voluptatem sequi nesciunt. Neque porro quisquam est, qui dolorem ipsum quia dolor sit amet, consectetur, adipisci velit, sed quia non numquam eius modi tempora incidunt ut labore et dolore magnam aliquam quaerat voluptatem. Ut enim ad minima veniam, quis nostrum exercitationem ullam corporis suscipit laboriosam, nisi ut aliquid ex ea commodi consequatur? Quis autem vel eum iure reprehenderit qui in ea voluptate velit esse quam nihil molestiae consequatur, vel illum qui dolorem eum fugiat quo voluptas nulla pariatur?"], ["main_image", "http://via.placeholder.com/500x200"], ["thumb_image", "http://via.placeholder.com/600x200"], ["created_at", "2018-01-29 15:47:04.699513"], ["updated_at", "2018-01-29 15:47:04.699513"]]
  [1m[35m (0.3ms)[0m  [1m[35mCOMMIT[0m
  [1m[35m (0.1ms)[0m  [1m[35mBEGIN[0m
  [1m[35mSQL (0.3ms)[0m  [1m[32mINSERT INTO "portfolios" ("title", "subtitle", "body", "main_image", "thumb_image", "created_at", "updated_at") VALUES ($1, $2, $3, $4, $5, $6, $7) RETURNING "id"[0m  [["title", "portfolio title: 3"], ["subtitle", "Ruby on Rails"], ["body", "Sed ut perspiciatis unde omnis iste natus error sit voluptatem accusantium doloremque laudantium, totam rem aperiam, eaque ipsa quae ab illo inventore veritatis et quasi architecto beatae vitae dicta sunt explicabo. Nemo enim ipsam voluptatem quia voluptas sit aspernatur aut odit aut fugit, sed quia consequuntur magni dolores eos qui ratione voluptatem sequi nesciunt. Neque porro quisquam est, qui dolorem ipsum quia dolor sit amet, consectetur, adipisci velit, sed quia non numquam eius modi tempora incidunt ut labore et dolore magnam aliquam quaerat voluptatem. Ut enim ad minima veniam, quis nostrum exercitationem ullam corporis suscipit laboriosam, nisi ut aliquid ex ea commodi consequatur? Quis autem vel eum iure reprehenderit qui in ea voluptate velit esse quam nihil molestiae consequatur, vel illum qui dolorem eum fugiat quo voluptas nulla pariatur?"], ["main_image", "http://via.placeholder.com/500x200"], ["thumb_image", "http://via.placeholder.com/600x200"], ["created_at", "2018-01-29 15:47:04.701921"], ["updated_at", "2018-01-29 15:47:04.701921"]]
  [1m[35m (0.3ms)[0m  [1m[35mCOMMIT[0m
  [1m[35m (0.1ms)[0m  [1m[35mBEGIN[0m
  [1m[35mSQL (0.3ms)[0m  [1m[32mINSERT INTO "portfolios" ("title", "subtitle", "body", "main_image", "thumb_image", "created_at", "updated_at") VALUES ($1, $2, $3, $4, $5, $6, $7) RETURNING "id"[0m  [["title", "portfolio title: 4"], ["subtitle", "Ruby on Rails"], ["body", "Sed ut perspiciatis unde omnis iste natus error sit voluptatem accusantium doloremque laudantium, totam rem aperiam, eaque ipsa quae ab illo inventore veritatis et quasi architecto beatae vitae dicta sunt explicabo. Nemo enim ipsam voluptatem quia voluptas sit aspernatur aut odit aut fugit, sed quia consequuntur magni dolores eos qui ratione voluptatem sequi nesciunt. Neque porro quisquam est, qui dolorem ipsum quia dolor sit amet, consectetur, adipisci velit, sed quia non numquam eius modi tempora incidunt ut labore et dolore magnam aliquam quaerat voluptatem. Ut enim ad minima veniam, quis nostrum exercitationem ullam corporis suscipit laboriosam, nisi ut aliquid ex ea commodi consequatur? Quis autem vel eum iure reprehenderit qui in ea voluptate velit esse quam nihil molestiae consequatur, vel illum qui dolorem eum fugiat quo voluptas nulla pariatur?"], ["main_image", "http://via.placeholder.com/500x200"], ["thumb_image", "http://via.placeholder.com/600x200"], ["created_at", "2018-01-29 15:47:04.703776"], ["updated_at", "2018-01-29 15:47:04.703776"]]
  [1m[35m (0.3ms)[0m  [1m[35mCOMMIT[0m
  [1m[35m (0.2ms)[0m  [1m[35mBEGIN[0m
  [1m[35mSQL (0.3ms)[0m  [1m[32mINSERT INTO "portfolios" ("title", "subtitle", "body", "main_image", "thumb_image", "created_at", "updated_at") VALUES ($1, $2, $3, $4, $5, $6, $7) RETURNING "id"[0m  [["title", "portfolio title: 5"], ["subtitle", "Ruby on Rails"], ["body", "Sed ut perspiciatis unde omnis iste natus error sit voluptatem accusantium doloremque laudantium, totam rem aperiam, eaque ipsa quae ab illo inventore veritatis et quasi architecto beatae vitae dicta sunt explicabo. Nemo enim ipsam voluptatem quia voluptas sit aspernatur aut odit aut fugit, sed quia consequuntur magni dolores eos qui ratione voluptatem sequi nesciunt. Neque porro quisquam est, qui dolorem ipsum quia dolor sit amet, consectetur, adipisci velit, sed quia non numquam eius modi tempora incidunt ut labore et dolore magnam aliquam quaerat voluptatem. Ut enim ad minima veniam, quis nostrum exercitationem ullam corporis suscipit laboriosam, nisi ut aliquid ex ea commodi consequatur? Quis autem vel eum iure reprehenderit qui in ea voluptate velit esse quam nihil molestiae consequatur, vel illum qui dolorem eum fugiat quo voluptas nulla pariatur?"], ["main_image", "http://via.placeholder.com/500x200"], ["thumb_image", "http://via.placeholder.com/600x200"], ["created_at", "2018-01-29 15:47:04.705470"], ["updated_at", "2018-01-29 15:47:04.705470"]]
  [1m[35m (0.3ms)[0m  [1m[35mCOMMIT[0m
  [1m[35m (0.1ms)[0m  [1m[35mBEGIN[0m
  [1m[35mSQL (0.3ms)[0m  [1m[32mINSERT INTO "portfolios" ("title", "subtitle", "body", "main_image", "thumb_image", "created_at", "updated_at") VALUES ($1, $2, $3, $4, $5, $6, $7) RETURNING "id"[0m  [["title", "portfolio title: 6"], ["subtitle", "Ruby on Rails"], ["body", "Sed ut perspiciatis unde omnis iste natus error sit voluptatem accusantium doloremque laudantium, totam rem aperiam, eaque ipsa quae ab illo inventore veritatis et quasi architecto beatae vitae dicta sunt explicabo. Nemo enim ipsam voluptatem quia voluptas sit aspernatur aut odit aut fugit, sed quia consequuntur magni dolores eos qui ratione voluptatem sequi nesciunt. Neque porro quisquam est, qui dolorem ipsum quia dolor sit amet, consectetur, adipisci velit, sed quia non numquam eius modi tempora incidunt ut labore et dolore magnam aliquam quaerat voluptatem. Ut enim ad minima veniam, quis nostrum exercitationem ullam corporis suscipit laboriosam, nisi ut aliquid ex ea commodi consequatur? Quis autem vel eum iure reprehenderit qui in ea voluptate velit esse quam nihil molestiae consequatur, vel illum qui dolorem eum fugiat quo voluptas nulla pariatur?"], ["main_image", "http://via.placeholder.com/500x200"], ["thumb_image", "http://via.placeholder.com/600x200"], ["created_at", "2018-01-29 15:47:04.707177"], ["updated_at", "2018-01-29 15:47:04.707177"]]
  [1m[35m (0.3ms)[0m  [1m[35mCOMMIT[0m
  [1m[35m (0.1ms)[0m  [1m[35mBEGIN[0m
  [1m[35mSQL (0.6ms)[0m  [1m[32mINSERT INTO "portfolios" ("title", "subtitle", "body", "main_image", "thumb_image", "created_at", "updated_at") VALUES ($1, $2, $3, $4, $5, $6, $7) RETURNING "id"[0m  [["title", "portfolio title: 7"], ["subtitle", "Ruby on Rails"], ["body", "Sed ut perspiciatis unde omnis iste natus error sit voluptatem accusantium doloremque laudantium, totam rem aperiam, eaque ipsa quae ab illo inventore veritatis et quasi architecto beatae vitae dicta sunt explicabo. Nemo enim ipsam voluptatem quia voluptas sit aspernatur aut odit aut fugit, sed quia consequuntur magni dolores eos qui ratione voluptatem sequi nesciunt. Neque porro quisquam est, qui dolorem ipsum quia dolor sit amet, consectetur, adipisci velit, sed quia non numquam eius modi tempora incidunt ut labore et dolore magnam aliquam quaerat voluptatem. Ut enim ad minima veniam, quis nostrum exercitationem ullam corporis suscipit laboriosam, nisi ut aliquid ex ea commodi consequatur? Quis autem vel eum iure reprehenderit qui in ea voluptate velit esse quam nihil molestiae consequatur, vel illum qui dolorem eum fugiat quo voluptas nulla pariatur?"], ["main_image", "http://via.placeholder.com/500x200"], ["thumb_image", "http://via.placeholder.com/600x200"], ["created_at", "2018-01-29 15:47:04.708911"], ["updated_at", "2018-01-29 15:47:04.708911"]]
  [1m[35m (0.2ms)[0m  [1m[35mCOMMIT[0m
  [1m[35m (0.1ms)[0m  [1m[35mBEGIN[0m
  [1m[35mSQL (0.3ms)[0m  [1m[32mINSERT INTO "portfolios" ("title", "subtitle", "body", "main_image", "thumb_image", "created_at", "updated_at") VALUES ($1, $2, $3, $4, $5, $6, $7) RETURNING "id"[0m  [["title", "portfolio title: 0"], ["subtitle", "Angular"], ["body", "Sed ut perspiciatis unde omnis iste natus error sit voluptatem accusantium doloremque laudantium, totam rem aperiam, eaque ipsa quae ab illo inventore veritatis et quasi architecto beatae vitae dicta sunt explicabo. Nemo enim ipsam voluptatem quia voluptas sit aspernatur aut odit aut fugit, sed quia consequuntur magni dolores eos qui ratione voluptatem sequi nesciunt. Neque porro quisquam est, qui dolorem ipsum quia dolor sit amet, consectetur, adipisci velit, sed quia non numquam eius modi tempora incidunt ut labore et dolore magnam aliquam quaerat voluptatem. Ut enim ad minima veniam, quis nostrum exercitationem ullam corporis suscipit laboriosam, nisi ut aliquid ex ea commodi consequatur? Quis autem vel eum iure reprehenderit qui in ea voluptate velit esse quam nihil molestiae consequatur, vel illum qui dolorem eum fugiat quo voluptas nulla pariatur?"], ["main_image", "http://via.placeholder.com/500x200"], ["thumb_image", "http://via.placeholder.com/600x200"], ["created_at", "2018-01-29 15:47:04.710859"], ["updated_at", "2018-01-29 15:47:04.710859"]]
  [1m[35m (0.3ms)[0m  [1m[35mCOMMIT[0m
  [1m[36mPortfolio Load (0.4ms)[0m  [1m[34mSELECT  "portfolios".* FROM "portfolios" ORDER BY "portfolios"."id" DESC LIMIT $1[0m  [["LIMIT", 1]]
  [1m[35m (0.1ms)[0m  [1m[35mBEGIN[0m
  [1m[35mSQL (1.3ms)[0m  [1m[32mINSERT INTO "technologies" ("name", "portfolio_id", "created_at", "updated_at") VALUES ($1, $2, $3, $4) RETURNING "id"[0m  [["name", "Technology 0"], ["portfolio_id", 9], ["created_at", "2018-01-29 15:47:04.731139"], ["updated_at", "2018-01-29 15:47:04.731139"]]
  [1m[35m (5.7ms)[0m  [1m[35mCOMMIT[0m
  [1m[36mPortfolio Load (0.3ms)[0m  [1m[34mSELECT  "portfolios".* FROM "portfolios" ORDER BY "portfolios"."id" DESC LIMIT $1[0m  [["LIMIT", 1]]
  [1m[35m (0.1ms)[0m  [1m[35mBEGIN[0m
  [1m[35mSQL (0.5ms)[0m  [1m[32mINSERT INTO "technologies" ("name", "portfolio_id", "created_at", "updated_at") VALUES ($1, $2, $3, $4) RETURNING "id"[0m  [["name", "Technology 1"], ["portfolio_id", 9], ["created_at", "2018-01-29 15:47:04.741824"], ["updated_at", "2018-01-29 15:47:04.741824"]]
  [1m[35m (0.3ms)[0m  [1m[35mCOMMIT[0m
  [1m[36mPortfolio Load (0.3ms)[0m  [1m[34mSELECT  "portfolios".* FROM "portfolios" ORDER BY "portfolios"."id" DESC LIMIT $1[0m  [["LIMIT", 1]]
  [1m[35m (0.1ms)[0m  [1m[35mBEGIN[0m
  [1m[35mSQL (0.4ms)[0m  [1m[32mINSERT INTO "technologies" ("name", "portfolio_id", "created_at", "updated_at") VALUES ($1, $2, $3, $4) RETURNING "id"[0m  [["name", "Technology 2"], ["portfolio_id", 9], ["created_at", "2018-01-29 15:47:04.744997"], ["updated_at", "2018-01-29 15:47:04.744997"]]
  [1m[35m (0.2ms)[0m  [1m[35mCOMMIT[0m
Started GET "/" for 127.0.0.1 at 2018-01-29 08:50:57 -0700
  [1m[35m (1.0ms)[0m  [1m[34mSELECT "schema_migrations"."version" FROM "schema_migrations" ORDER BY "schema_migrations"."version" ASC[0m
Processing by PagesController#home as HTML
  Rendering pages/home.html.erb within layouts/application
  [1m[36mBlog Load (1.2ms)[0m  [1m[34mSELECT  "blogs".* FROM "blogs" LIMIT $1[0m  [["LIMIT", 11]]
  [1m[36mSkill Load (0.6ms)[0m  [1m[34mSELECT  "skills".* FROM "skills" LIMIT $1[0m  [["LIMIT", 11]]
  Rendered pages/home.html.erb within layouts/application (37.2ms)
Completed 200 OK in 466ms (Views: 426.4ms | ActiveRecord: 15.3ms)


Started GET "/login" for 127.0.0.1 at 2018-01-29 08:51:05 -0700
Processing by Devise::SessionsController#new as HTML
  Rendering devise/sessions/new.html.erb within layouts/application
  Rendered devise/shared/_links.html.erb (1.4ms)
  Rendered devise/sessions/new.html.erb within layouts/application (24.3ms)
Completed 200 OK in 83ms (Views: 59.8ms | ActiveRecord: 6.4ms)


Started GET "/register" for 127.0.0.1 at 2018-01-29 08:51:07 -0700
Processing by Devise::RegistrationsController#new as HTML
  Rendering devise/registrations/new.html.erb within layouts/application
  Rendered devise/shared/_links.html.erb (0.8ms)
  Rendered devise/registrations/new.html.erb within layouts/application (5.5ms)
Completed 200 OK in 36ms (Views: 35.1ms | ActiveRecord: 0.0ms)


Started GET "/pblogs" for 127.0.0.1 at 2018-01-29 08:51:19 -0700
  
ActionController::RoutingError (No route matches [GET] "/pblogs"):
  
actionpack (5.1.4) lib/action_dispatch/middleware/debug_exceptions.rb:63:in `call'
web-console (3.5.1) lib/web_console/middleware.rb:135:in `call_app'
web-console (3.5.1) lib/web_console/middleware.rb:28:in `block in call'
web-console (3.5.1) lib/web_console/middleware.rb:18:in `catch'
web-console (3.5.1) lib/web_console/middleware.rb:18:in `call'
actionpack (5.1.4) lib/action_dispatch/middleware/show_exceptions.rb:31:in `call'
railties (5.1.4) lib/rails/rack/logger.rb:36:in `call_app'
railties (5.1.4) lib/rails/rack/logger.rb:24:in `block in call'
activesupport (5.1.4) lib/active_support/tagged_logging.rb:69:in `block in tagged'
activesupport (5.1.4) lib/active_support/tagged_logging.rb:26:in `tagged'
activesupport (5.1.4) lib/active_support/tagged_logging.rb:69:in `tagged'
railties (5.1.4) lib/rails/rack/logger.rb:24:in `call'
sprockets-rails (3.2.1) lib/sprockets/rails/quiet_assets.rb:13:in `call'
actionpack (5.1.4) lib/action_dispatch/middleware/remote_ip.rb:79:in `call'
actionpack (5.1.4) lib/action_dispatch/middleware/request_id.rb:25:in `call'
rack (2.0.3) lib/rack/method_override.rb:22:in `call'
rack (2.0.3) lib/rack/runtime.rb:22:in `call'
activesupport (5.1.4) lib/active_support/cache/strategy/local_cache_middleware.rb:27:in `call'
actionpack (5.1.4) lib/action_dispatch/middleware/executor.rb:12:in `call'
actionpack (5.1.4) lib/action_dispatch/middleware/static.rb:125:in `call'
rack (2.0.3) lib/rack/sendfile.rb:111:in `call'
railties (5.1.4) lib/rails/engine.rb:522:in `call'
puma (3.11.0) lib/puma/configuration.rb:225:in `call'
puma (3.11.0) lib/puma/server.rb:624:in `handle_request'
puma (3.11.0) lib/puma/server.rb:438:in `process_client'
puma (3.11.0) lib/puma/server.rb:302:in `block in run'
puma (3.11.0) lib/puma/thread_pool.rb:120:in `block in spawn_thread'
Started GET "/blogs" for 127.0.0.1 at 2018-01-29 08:51:24 -0700
Processing by BlogsController#index as HTML
  Rendering blogs/index.html.erb within layouts/application
  [1m[36mBlog Load (0.5ms)[0m  [1m[34mSELECT "blogs".* FROM "blogs"[0m
  Rendered blogs/index.html.erb within layouts/application (5.7ms)
Completed 200 OK in 40ms (Views: 36.9ms | ActiveRecord: 0.5ms)


Started GET "/blogs/my-blog-post-0" for 127.0.0.1 at 2018-01-29 08:51:38 -0700
Processing by BlogsController#show as HTML
  Parameters: {"id"=>"my-blog-post-0"}
  [1m[36mBlog Load (0.7ms)[0m  [1m[34mSELECT  "blogs".* FROM "blogs" WHERE "blogs"."slug" = $1 LIMIT $2[0m  [["slug", "my-blog-post-0"], ["LIMIT", 1]]
  Rendering blogs/show.html.erb within layouts/application
  Rendered blogs/show.html.erb within layouts/application (0.7ms)
Completed 200 OK in 38ms (Views: 30.9ms | ActiveRecord: 0.7ms)


Started GET "/" for 127.0.0.1 at 2018-01-29 08:51:45 -0700
Processing by PagesController#home as HTML
  Rendering pages/home.html.erb within layouts/application
  [1m[36mBlog Load (0.5ms)[0m  [1m[34mSELECT  "blogs".* FROM "blogs" LIMIT $1[0m  [["LIMIT", 11]]
  [1m[36mSkill Load (0.5ms)[0m  [1m[34mSELECT  "skills".* FROM "skills" LIMIT $1[0m  [["LIMIT", 11]]
  Rendered pages/home.html.erb within layouts/application (5.9ms)
Completed 200 OK in 52ms (Views: 48.6ms | ActiveRecord: 1.0ms)


Started GET "/" for 127.0.0.1 at 2018-01-29 10:52:09 -0700
  [1m[35m (0.8ms)[0m  [1m[34mSELECT "schema_migrations"."version" FROM "schema_migrations" ORDER BY "schema_migrations"."version" ASC[0m
Processing by PagesController#home as HTML
  Rendering pages/home.html.erb within layouts/application
  [1m[36mBlog Load (1.4ms)[0m  [1m[34mSELECT  "blogs".* FROM "blogs" LIMIT $1[0m  [["LIMIT", 11]]
  [1m[36mSkill Load (1.2ms)[0m  [1m[34mSELECT  "skills".* FROM "skills" LIMIT $1[0m  [["LIMIT", 11]]
  Rendered pages/home.html.erb within layouts/application (36.1ms)
Completed 200 OK in 275ms (Views: 235.9ms | ActiveRecord: 14.8ms)


Started GET "/portfolios" for 127.0.0.1 at 2018-01-29 10:58:22 -0700
Processing by PortfoliosController#index as HTML
  Rendering portfolios/index.html.erb within layouts/application
  [1m[36mPortfolio Load (0.6ms)[0m  [1m[34mSELECT "portfolios".* FROM "portfolios"[0m
  Rendered portfolios/index.html.erb within layouts/application (15.1ms)
Completed 200 OK in 43ms (Views: 30.7ms | ActiveRecord: 5.9ms)


Started GET "/portfolios/4/edit" for 127.0.0.1 at 2018-01-29 10:58:23 -0700
Processing by PortfoliosController#edit as HTML
  Parameters: {"id"=>"4"}
  [1m[36mPortfolio Load (0.5ms)[0m  [1m[34mSELECT  "portfolios".* FROM "portfolios" WHERE "portfolios"."id" = $1 LIMIT $2[0m  [["id", 4], ["LIMIT", 1]]
  Rendering portfolios/edit.html.erb within layouts/application
  Rendered portfolios/edit.html.erb within layouts/application (14.8ms)
Completed 200 OK in 51ms (Views: 43.4ms | ActiveRecord: 0.8ms)


Started GET "/portfolios/4/" for 127.0.0.1 at 2018-01-29 10:58:26 -0700
  
ActionController::RoutingError (No route matches [GET] "/portfolios/4"):
  
actionpack (5.1.4) lib/action_dispatch/middleware/debug_exceptions.rb:63:in `call'
web-console (3.5.1) lib/web_console/middleware.rb:135:in `call_app'
web-console (3.5.1) lib/web_console/middleware.rb:28:in `block in call'
web-console (3.5.1) lib/web_console/middleware.rb:18:in `catch'
web-console (3.5.1) lib/web_console/middleware.rb:18:in `call'
actionpack (5.1.4) lib/action_dispatch/middleware/show_exceptions.rb:31:in `call'
railties (5.1.4) lib/rails/rack/logger.rb:36:in `call_app'
railties (5.1.4) lib/rails/rack/logger.rb:24:in `block in call'
activesupport (5.1.4) lib/active_support/tagged_logging.rb:69:in `block in tagged'
activesupport (5.1.4) lib/active_support/tagged_logging.rb:26:in `tagged'
activesupport (5.1.4) lib/active_support/tagged_logging.rb:69:in `tagged'
railties (5.1.4) lib/rails/rack/logger.rb:24:in `call'
sprockets-rails (3.2.1) lib/sprockets/rails/quiet_assets.rb:13:in `call'
actionpack (5.1.4) lib/action_dispatch/middleware/remote_ip.rb:79:in `call'
actionpack (5.1.4) lib/action_dispatch/middleware/request_id.rb:25:in `call'
rack (2.0.3) lib/rack/method_override.rb:22:in `call'
rack (2.0.3) lib/rack/runtime.rb:22:in `call'
activesupport (5.1.4) lib/active_support/cache/strategy/local_cache_middleware.rb:27:in `call'
actionpack (5.1.4) lib/action_dispatch/middleware/executor.rb:12:in `call'
actionpack (5.1.4) lib/action_dispatch/middleware/static.rb:125:in `call'
rack (2.0.3) lib/rack/sendfile.rb:111:in `call'
railties (5.1.4) lib/rails/engine.rb:522:in `call'
puma (3.11.0) lib/puma/configuration.rb:225:in `call'
puma (3.11.0) lib/puma/server.rb:624:in `handle_request'
puma (3.11.0) lib/puma/server.rb:438:in `process_client'
puma (3.11.0) lib/puma/server.rb:302:in `block in run'
puma (3.11.0) lib/puma/thread_pool.rb:120:in `block in spawn_thread'
Started GET "/portfolios/3" for 127.0.0.1 at 2018-01-29 10:58:35 -0700
  
ActionController::RoutingError (No route matches [GET] "/portfolios/3"):
  
actionpack (5.1.4) lib/action_dispatch/middleware/debug_exceptions.rb:63:in `call'
web-console (3.5.1) lib/web_console/middleware.rb:135:in `call_app'
web-console (3.5.1) lib/web_console/middleware.rb:28:in `block in call'
web-console (3.5.1) lib/web_console/middleware.rb:18:in `catch'
web-console (3.5.1) lib/web_console/middleware.rb:18:in `call'
actionpack (5.1.4) lib/action_dispatch/middleware/show_exceptions.rb:31:in `call'
railties (5.1.4) lib/rails/rack/logger.rb:36:in `call_app'
railties (5.1.4) lib/rails/rack/logger.rb:24:in `block in call'
activesupport (5.1.4) lib/active_support/tagged_logging.rb:69:in `block in tagged'
activesupport (5.1.4) lib/active_support/tagged_logging.rb:26:in `tagged'
activesupport (5.1.4) lib/active_support/tagged_logging.rb:69:in `tagged'
railties (5.1.4) lib/rails/rack/logger.rb:24:in `call'
sprockets-rails (3.2.1) lib/sprockets/rails/quiet_assets.rb:13:in `call'
actionpack (5.1.4) lib/action_dispatch/middleware/remote_ip.rb:79:in `call'
actionpack (5.1.4) lib/action_dispatch/middleware/request_id.rb:25:in `call'
rack (2.0.3) lib/rack/method_override.rb:22:in `call'
rack (2.0.3) lib/rack/runtime.rb:22:in `call'
activesupport (5.1.4) lib/active_support/cache/strategy/local_cache_middleware.rb:27:in `call'
actionpack (5.1.4) lib/action_dispatch/middleware/executor.rb:12:in `call'
actionpack (5.1.4) lib/action_dispatch/middleware/static.rb:125:in `call'
rack (2.0.3) lib/rack/sendfile.rb:111:in `call'
railties (5.1.4) lib/rails/engine.rb:522:in `call'
puma (3.11.0) lib/puma/configuration.rb:225:in `call'
puma (3.11.0) lib/puma/server.rb:624:in `handle_request'
puma (3.11.0) lib/puma/server.rb:438:in `process_client'
puma (3.11.0) lib/puma/server.rb:302:in `block in run'
puma (3.11.0) lib/puma/thread_pool.rb:120:in `block in spawn_thread'
Started GET "/portfolio/4" for 127.0.0.1 at 2018-01-29 10:58:51 -0700
Processing by PortfoliosController#show as HTML
  Parameters: {"id"=>"4"}
  [1m[36mPortfolio Load (0.4ms)[0m  [1m[34mSELECT  "portfolios".* FROM "portfolios" WHERE "portfolios"."id" = $1 LIMIT $2[0m  [["id", 4], ["LIMIT", 1]]
  Rendering portfolios/show.html.erb within layouts/application
  [1m[36mTechnology Load (1.4ms)[0m  [1m[34mSELECT "technologies".* FROM "technologies" WHERE "technologies"."portfolio_id" = $1[0m  [["portfolio_id", 4]]
  Rendered portfolios/show.html.erb within layouts/application (16.6ms)
Completed 200 OK in 43ms (Views: 34.2ms | ActiveRecord: 4.3ms)


Started GET "/portfolio/4" for 127.0.0.1 at 2018-01-29 10:59:04 -0700
Processing by PortfoliosController#show as HTML
  Parameters: {"id"=>"4"}
  [1m[36mPortfolio Load (0.3ms)[0m  [1m[34mSELECT  "portfolios".* FROM "portfolios" WHERE "portfolios"."id" = $1 LIMIT $2[0m  [["id", 4], ["LIMIT", 1]]
  Rendering portfolios/show.html.erb within layouts/application
  [1m[36mTechnology Load (0.3ms)[0m  [1m[34mSELECT "technologies".* FROM "technologies" WHERE "technologies"."portfolio_id" = $1[0m  [["portfolio_id", 4]]
  Rendered portfolios/show.html.erb within layouts/application (1.7ms)
Completed 200 OK in 25ms (Views: 21.3ms | ActiveRecord: 0.6ms)


Started GET "/portfolio/4" for 127.0.0.1 at 2018-01-29 11:00:11 -0700
Processing by PortfoliosController#show as HTML
  Parameters: {"id"=>"4"}
  [1m[36mPortfolio Load (0.3ms)[0m  [1m[34mSELECT  "portfolios".* FROM "portfolios" WHERE "portfolios"."id" = $1 LIMIT $2[0m  [["id", 4], ["LIMIT", 1]]
  Rendering portfolios/show.html.erb within layouts/application
  Rendered portfolios/show.html.erb within layouts/application (6.4ms)
Completed 401 Unauthorized in 18ms (ActiveRecord: 0.3ms)


  
SyntaxError (/Users/mac/CodeProjects/devcamp_portfolio/devcamp_project/app/views/portfolios/show.html.erb:17: syntax error, unexpected '[', expecting '('
utput_buffer.append=( params.[:id] );
                              ^
/Users/mac/CodeProjects/devcamp_portfolio/devcamp_project/app/views/portfolios/show.html.erb:20: syntax error, unexpected keyword_ensure, expecting ')'
          ensure
                ^
/Users/mac/CodeProjects/devcamp_portfolio/devcamp_project/app/views/portfolios/show.html.erb:22: syntax error, unexpected keyword_end, expecting ')'
          end
             ^):
  
app/views/portfolios/show.html.erb:17: syntax error, unexpected '[', expecting '('
app/views/portfolios/show.html.erb:20: syntax error, unexpected keyword_ensure, expecting ')'
app/views/portfolios/show.html.erb:22: syntax error, unexpected keyword_end, expecting ')'
Started GET "/portfolio/4" for 127.0.0.1 at 2018-01-29 11:00:21 -0700
Processing by PortfoliosController#show as HTML
  Parameters: {"id"=>"4"}
  [1m[36mPortfolio Load (0.3ms)[0m  [1m[34mSELECT  "portfolios".* FROM "portfolios" WHERE "portfolios"."id" = $1 LIMIT $2[0m  [["id", 4], ["LIMIT", 1]]
  Rendering portfolios/show.html.erb within layouts/application
  Rendered portfolios/show.html.erb within layouts/application (0.6ms)
Completed 401 Unauthorized in 10ms (ActiveRecord: 0.3ms)


  
SyntaxError (/Users/mac/CodeProjects/devcamp_portfolio/devcamp_project/app/views/portfolios/show.html.erb:17: syntax error, unexpected '[', expecting '('
utput_buffer.append=( params.[:id] );
                              ^
/Users/mac/CodeProjects/devcamp_portfolio/devcamp_project/app/views/portfolios/show.html.erb:20: syntax error, unexpected keyword_ensure, expecting ')'
          ensure
                ^
/Users/mac/CodeProjects/devcamp_portfolio/devcamp_project/app/views/portfolios/show.html.erb:22: syntax error, unexpected keyword_end, expecting ')'
          end
             ^):
  
app/views/portfolios/show.html.erb:17: syntax error, unexpected '[', expecting '('
app/views/portfolios/show.html.erb:20: syntax error, unexpected keyword_ensure, expecting ')'
app/views/portfolios/show.html.erb:22: syntax error, unexpected keyword_end, expecting ')'
Started GET "/portfolio/4" for 127.0.0.1 at 2018-01-29 11:00:33 -0700
Processing by PortfoliosController#show as HTML
  Parameters: {"id"=>"4"}
  [1m[36mPortfolio Load (0.3ms)[0m  [1m[34mSELECT  "portfolios".* FROM "portfolios" WHERE "portfolios"."id" = $1 LIMIT $2[0m  [["id", 4], ["LIMIT", 1]]
  Rendering portfolios/show.html.erb within layouts/application
  [1m[36mTechnology Load (0.3ms)[0m  [1m[34mSELECT "technologies".* FROM "technologies" WHERE "technologies"."portfolio_id" = $1[0m  [["portfolio_id", 4]]
  Rendered portfolios/show.html.erb within layouts/application (1.9ms)
Completed 200 OK in 26ms (Views: 22.4ms | ActiveRecord: 0.6ms)


Started GET "/portfolio/4" for 127.0.0.1 at 2018-01-29 11:15:40 -0700
Processing by PortfoliosController#show as HTML
  Parameters: {"id"=>"4"}
  [1m[36mPortfolio Load (0.2ms)[0m  [1m[34mSELECT  "portfolios".* FROM "portfolios" WHERE "portfolios"."id" = $1 LIMIT $2[0m  [["id", 4], ["LIMIT", 1]]
  Rendering portfolios/show.html.erb within layouts/application
  [1m[36mTechnology Load (0.5ms)[0m  [1m[34mSELECT "technologies".* FROM "technologies" WHERE "technologies"."portfolio_id" = $1[0m  [["portfolio_id", 4]]
  Rendered portfolios/show.html.erb within layouts/application (36.2ms)
Completed 200 OK in 72ms (Views: 67.9ms | ActiveRecord: 0.7ms)


Started GET "/portfolio/4?q=tinder" for 127.0.0.1 at 2018-01-29 11:36:01 -0700
Processing by PortfoliosController#show as HTML
  Parameters: {"q"=>"tinder", "id"=>"4"}
  [1m[36mPortfolio Load (0.2ms)[0m  [1m[34mSELECT  "portfolios".* FROM "portfolios" WHERE "portfolios"."id" = $1 LIMIT $2[0m  [["id", 4], ["LIMIT", 1]]
  Rendering portfolios/show.html.erb within layouts/application
  [1m[36mTechnology Load (0.3ms)[0m  [1m[34mSELECT "technologies".* FROM "technologies" WHERE "technologies"."portfolio_id" = $1[0m  [["portfolio_id", 4]]
  Rendered portfolios/show.html.erb within layouts/application (7.9ms)
Completed 200 OK in 57ms (Views: 34.2ms | ActiveRecord: 8.8ms)


Started GET "/portfolio/4?q=Tinder" for 127.0.0.1 at 2018-01-29 11:36:10 -0700
Processing by PortfoliosController#show as HTML
  Parameters: {"q"=>"Tinder", "id"=>"4"}
  [1m[36mPortfolio Load (0.2ms)[0m  [1m[34mSELECT  "portfolios".* FROM "portfolios" WHERE "portfolios"."id" = $1 LIMIT $2[0m  [["id", 4], ["LIMIT", 1]]
  Rendering portfolios/show.html.erb within layouts/application
  [1m[36mTechnology Load (0.3ms)[0m  [1m[34mSELECT "technologies".* FROM "technologies" WHERE "technologies"."portfolio_id" = $1[0m  [["portfolio_id", 4]]
  Rendered portfolios/show.html.erb within layouts/application (1.6ms)
Completed 200 OK in 25ms (Views: 21.2ms | ActiveRecord: 0.5ms)


Started GET "/blogs" for 127.0.0.1 at 2018-01-29 11:44:14 -0700
Processing by BlogsController#index as HTML
  Rendering blogs/index.html.erb within layouts/application
  [1m[36mBlog Load (0.4ms)[0m  [1m[34mSELECT "blogs".* FROM "blogs"[0m
  Rendered blogs/index.html.erb within layouts/application (27.5ms)
Completed 200 OK in 57ms (Views: 43.7ms | ActiveRecord: 7.4ms)


Started GET "/" for 127.0.0.1 at 2018-01-29 11:44:33 -0700
Processing by PagesController#home as HTML
  Rendering pages/home.html.erb within layouts/application
  [1m[36mBlog Load (0.5ms)[0m  [1m[34mSELECT  "blogs".* FROM "blogs" LIMIT $1[0m  [["LIMIT", 11]]
  [1m[36mSkill Load (0.3ms)[0m  [1m[34mSELECT  "skills".* FROM "skills" LIMIT $1[0m  [["LIMIT", 11]]
  Rendered pages/home.html.erb within layouts/application (14.6ms)
Completed 200 OK in 41ms (Views: 31.3ms | ActiveRecord: 5.9ms)


Started GET "/blogs" for 127.0.0.1 at 2018-01-29 11:44:40 -0700
Processing by BlogsController#index as HTML
  Rendering blogs/index.html.erb within layouts/application
  [1m[36mBlog Load (0.4ms)[0m  [1m[34mSELECT "blogs".* FROM "blogs"[0m
  Rendered blogs/index.html.erb within layouts/application (5.0ms)
Completed 200 OK in 31ms (Views: 27.9ms | ActiveRecord: 0.4ms)


Started GET "/blogs/new" for 127.0.0.1 at 2018-01-29 11:44:46 -0700
Processing by BlogsController#new as HTML
  Rendering blogs/new.html.erb within layouts/application
  Rendered blogs/_form.html.erb (2.2ms)
  Rendered blogs/new.html.erb within layouts/application (5.0ms)
Completed 200 OK in 32ms (Views: 29.2ms | ActiveRecord: 0.0ms)


Started GET "/register" for 127.0.0.1 at 2018-01-29 11:44:52 -0700
Processing by Devise::RegistrationsController#new as HTML
  Rendering devise/registrations/new.html.erb within layouts/application
  Rendered devise/shared/_links.html.erb (1.3ms)
  Rendered devise/registrations/new.html.erb within layouts/application (10.2ms)
Completed 200 OK in 72ms (Views: 43.4ms | ActiveRecord: 5.3ms)


Started GET "/login" for 127.0.0.1 at 2018-01-29 11:44:55 -0700
Processing by Devise::SessionsController#new as HTML
  Rendering devise/sessions/new.html.erb within layouts/application
  Rendered devise/shared/_links.html.erb (1.5ms)
  Rendered devise/sessions/new.html.erb within layouts/application (8.6ms)
Completed 200 OK in 42ms (Views: 40.7ms | ActiveRecord: 0.0ms)


Started GET "/login" for 127.0.0.1 at 2018-01-29 11:44:57 -0700
Processing by Devise::SessionsController#new as HTML
  Rendering devise/sessions/new.html.erb within layouts/application
  Rendered devise/shared/_links.html.erb (0.9ms)
  Rendered devise/sessions/new.html.erb within layouts/application (5.7ms)
Completed 200 OK in 38ms (Views: 37.5ms | ActiveRecord: 0.0ms)


Started GET "/" for 127.0.0.1 at 2018-01-29 11:44:58 -0700
Processing by PagesController#home as HTML
  Rendering pages/home.html.erb within layouts/application
  [1m[36mBlog Load (0.4ms)[0m  [1m[34mSELECT  "blogs".* FROM "blogs" LIMIT $1[0m  [["LIMIT", 11]]
  [1m[36mSkill Load (0.3ms)[0m  [1m[34mSELECT  "skills".* FROM "skills" LIMIT $1[0m  [["LIMIT", 11]]
  Rendered pages/home.html.erb within layouts/application (4.9ms)
Completed 200 OK in 46ms (Views: 42.5ms | ActiveRecord: 0.6ms)


Started GET "/posts/4" for 127.0.0.1 at 2018-01-29 11:46:18 -0700
  
ActionController::RoutingError (No route matches [GET] "/posts/4"):
  
actionpack (5.1.4) lib/action_dispatch/middleware/debug_exceptions.rb:63:in `call'
web-console (3.5.1) lib/web_console/middleware.rb:135:in `call_app'
web-console (3.5.1) lib/web_console/middleware.rb:28:in `block in call'
web-console (3.5.1) lib/web_console/middleware.rb:18:in `catch'
web-console (3.5.1) lib/web_console/middleware.rb:18:in `call'
actionpack (5.1.4) lib/action_dispatch/middleware/show_exceptions.rb:31:in `call'
railties (5.1.4) lib/rails/rack/logger.rb:36:in `call_app'
railties (5.1.4) lib/rails/rack/logger.rb:24:in `block in call'
activesupport (5.1.4) lib/active_support/tagged_logging.rb:69:in `block in tagged'
activesupport (5.1.4) lib/active_support/tagged_logging.rb:26:in `tagged'
activesupport (5.1.4) lib/active_support/tagged_logging.rb:69:in `tagged'
railties (5.1.4) lib/rails/rack/logger.rb:24:in `call'
sprockets-rails (3.2.1) lib/sprockets/rails/quiet_assets.rb:13:in `call'
actionpack (5.1.4) lib/action_dispatch/middleware/remote_ip.rb:79:in `call'
actionpack (5.1.4) lib/action_dispatch/middleware/request_id.rb:25:in `call'
rack (2.0.3) lib/rack/method_override.rb:22:in `call'
rack (2.0.3) lib/rack/runtime.rb:22:in `call'
activesupport (5.1.4) lib/active_support/cache/strategy/local_cache_middleware.rb:27:in `call'
actionpack (5.1.4) lib/action_dispatch/middleware/executor.rb:12:in `call'
actionpack (5.1.4) lib/action_dispatch/middleware/static.rb:125:in `call'
rack (2.0.3) lib/rack/sendfile.rb:111:in `call'
railties (5.1.4) lib/rails/engine.rb:522:in `call'
puma (3.11.0) lib/puma/configuration.rb:225:in `call'
puma (3.11.0) lib/puma/server.rb:624:in `handle_request'
puma (3.11.0) lib/puma/server.rb:438:in `process_client'
puma (3.11.0) lib/puma/server.rb:302:in `block in run'
puma (3.11.0) lib/puma/thread_pool.rb:120:in `block in spawn_thread'
Started GET "/portfolio/4" for 127.0.0.1 at 2018-01-29 11:46:26 -0700
Processing by PortfoliosController#show as HTML
  Parameters: {"id"=>"4"}
  [1m[36mPortfolio Load (0.2ms)[0m  [1m[34mSELECT  "portfolios".* FROM "portfolios" WHERE "portfolios"."id" = $1 LIMIT $2[0m  [["id", 4], ["LIMIT", 1]]
  Rendering portfolios/show.html.erb within layouts/application
  [1m[36mTechnology Load (0.2ms)[0m  [1m[34mSELECT "technologies".* FROM "technologies" WHERE "technologies"."portfolio_id" = $1[0m  [["portfolio_id", 4]]
  Rendered portfolios/show.html.erb within layouts/application (1.6ms)
Completed 200 OK in 26ms (Views: 22.5ms | ActiveRecord: 0.4ms)


Started GET "/portfolio" for 127.0.0.1 at 2018-01-29 11:49:03 -0700
  
ActionController::RoutingError (No route matches [GET] "/portfolio"):
  
actionpack (5.1.4) lib/action_dispatch/middleware/debug_exceptions.rb:63:in `call'
web-console (3.5.1) lib/web_console/middleware.rb:135:in `call_app'
web-console (3.5.1) lib/web_console/middleware.rb:28:in `block in call'
web-console (3.5.1) lib/web_console/middleware.rb:18:in `catch'
web-console (3.5.1) lib/web_console/middleware.rb:18:in `call'
actionpack (5.1.4) lib/action_dispatch/middleware/show_exceptions.rb:31:in `call'
railties (5.1.4) lib/rails/rack/logger.rb:36:in `call_app'
railties (5.1.4) lib/rails/rack/logger.rb:24:in `block in call'
activesupport (5.1.4) lib/active_support/tagged_logging.rb:69:in `block in tagged'
activesupport (5.1.4) lib/active_support/tagged_logging.rb:26:in `tagged'
activesupport (5.1.4) lib/active_support/tagged_logging.rb:69:in `tagged'
railties (5.1.4) lib/rails/rack/logger.rb:24:in `call'
sprockets-rails (3.2.1) lib/sprockets/rails/quiet_assets.rb:13:in `call'
actionpack (5.1.4) lib/action_dispatch/middleware/remote_ip.rb:79:in `call'
actionpack (5.1.4) lib/action_dispatch/middleware/request_id.rb:25:in `call'
rack (2.0.3) lib/rack/method_override.rb:22:in `call'
rack (2.0.3) lib/rack/runtime.rb:22:in `call'
activesupport (5.1.4) lib/active_support/cache/strategy/local_cache_middleware.rb:27:in `call'
actionpack (5.1.4) lib/action_dispatch/middleware/executor.rb:12:in `call'
actionpack (5.1.4) lib/action_dispatch/middleware/static.rb:125:in `call'
rack (2.0.3) lib/rack/sendfile.rb:111:in `call'
railties (5.1.4) lib/rails/engine.rb:522:in `call'
puma (3.11.0) lib/puma/configuration.rb:225:in `call'
puma (3.11.0) lib/puma/server.rb:624:in `handle_request'
puma (3.11.0) lib/puma/server.rb:438:in `process_client'
puma (3.11.0) lib/puma/server.rb:302:in `block in run'
puma (3.11.0) lib/puma/thread_pool.rb:120:in `block in spawn_thread'
Started GET "/portfolios" for 127.0.0.1 at 2018-01-29 11:49:07 -0700
Processing by PortfoliosController#index as HTML
  Rendering portfolios/index.html.erb within layouts/application
  [1m[36mPortfolio Load (0.5ms)[0m  [1m[34mSELECT "portfolios".* FROM "portfolios"[0m
  Rendered portfolios/index.html.erb within layouts/application (4.5ms)
Completed 200 OK in 31ms (Views: 28.2ms | ActiveRecord: 0.4ms)


Started GET "/" for 127.0.0.1 at 2018-01-29 11:52:41 -0700
Processing by PagesController#home as HTML
  Rendering pages/home.html.erb within layouts/application
  [1m[36mBlog Load (0.7ms)[0m  [1m[34mSELECT  "blogs".* FROM "blogs" LIMIT $1[0m  [["LIMIT", 11]]
  [1m[36mSkill Load (0.3ms)[0m  [1m[34mSELECT  "skills".* FROM "skills" LIMIT $1[0m  [["LIMIT", 11]]
  Rendered pages/home.html.erb within layouts/application (4.8ms)
Completed 200 OK in 30ms (Views: 27.0ms | ActiveRecord: 1.0ms)


Started GET "/" for 127.0.0.1 at 2018-01-29 11:53:42 -0700
Processing by PagesController#home as HTML
  Rendering pages/home.html.erb within layouts/application
  [1m[36mBlog Load (0.4ms)[0m  [1m[34mSELECT  "blogs".* FROM "blogs" LIMIT $1[0m  [["LIMIT", 11]]
  [1m[36mSkill Load (0.3ms)[0m  [1m[34mSELECT  "skills".* FROM "skills" LIMIT $1[0m  [["LIMIT", 11]]
  Rendered pages/home.html.erb within layouts/application (4.3ms)
Completed 200 OK in 28ms (Views: 24.9ms | ActiveRecord: 0.6ms)


Started GET "/portfolio/4" for 127.0.0.1 at 2018-01-29 12:04:55 -0700
  [1m[35m (1.5ms)[0m  [1m[34mSELECT "schema_migrations"."version" FROM "schema_migrations" ORDER BY "schema_migrations"."version" ASC[0m
Processing by PortfoliosController#show as HTML
  Parameters: {"id"=>"4"}
  [1m[36mPortfolio Load (0.5ms)[0m  [1m[34mSELECT  "portfolios".* FROM "portfolios" WHERE "portfolios"."id" = $1 LIMIT $2[0m  [["id", 4], ["LIMIT", 1]]
  Rendering portfolios/show.html.erb within layouts/application
  [1m[36mTechnology Load (0.5ms)[0m  [1m[34mSELECT "technologies".* FROM "technologies" WHERE "technologies"."portfolio_id" = $1[0m  [["portfolio_id", 4]]
  Rendered portfolios/show.html.erb within layouts/application (20.0ms)
Completed 200 OK in 264ms (Views: 225.3ms | ActiveRecord: 11.6ms)


Started GET "/" for 127.0.0.1 at 2018-01-29 12:05:11 -0700
Processing by PagesController#home as HTML
  Rendering pages/home.html.erb within layouts/application
  [1m[36mBlog Load (0.7ms)[0m  [1m[34mSELECT  "blogs".* FROM "blogs" LIMIT $1[0m  [["LIMIT", 11]]
  [1m[36mSkill Load (0.6ms)[0m  [1m[34mSELECT  "skills".* FROM "skills" LIMIT $1[0m  [["LIMIT", 11]]
  Rendered pages/home.html.erb within layouts/application (29.7ms)
Completed 200 OK in 73ms (Views: 50.9ms | ActiveRecord: 12.2ms)


Started GET "/portfolios/" for 127.0.0.1 at 2018-01-29 12:05:21 -0700
Processing by PortfoliosController#index as HTML
  Rendering portfolios/index.html.erb within layouts/application
  [1m[36mPortfolio Load (0.4ms)[0m  [1m[34mSELECT "portfolios".* FROM "portfolios"[0m
  Rendered portfolios/index.html.erb within layouts/application (5.9ms)
Completed 200 OK in 43ms (Views: 39.8ms | ActiveRecord: 0.4ms)


Started GET "/portfolios/4/edit" for 127.0.0.1 at 2018-01-29 12:05:25 -0700
Processing by PortfoliosController#edit as HTML
  Parameters: {"id"=>"4"}
  [1m[36mPortfolio Load (0.3ms)[0m  [1m[34mSELECT  "portfolios".* FROM "portfolios" WHERE "portfolios"."id" = $1 LIMIT $2[0m  [["id", 4], ["LIMIT", 1]]
  Rendering portfolios/edit.html.erb within layouts/application
  Rendered portfolios/edit.html.erb within layouts/application (12.7ms)
Completed 200 OK in 38ms (Views: 33.9ms | ActiveRecord: 0.3ms)


Started GET "/portfolios/4/" for 127.0.0.1 at 2018-01-29 12:05:29 -0700
  
ActionController::RoutingError (No route matches [GET] "/portfolios/4"):
  
actionpack (5.1.4) lib/action_dispatch/middleware/debug_exceptions.rb:63:in `call'
web-console (3.5.1) lib/web_console/middleware.rb:135:in `call_app'
web-console (3.5.1) lib/web_console/middleware.rb:28:in `block in call'
web-console (3.5.1) lib/web_console/middleware.rb:18:in `catch'
web-console (3.5.1) lib/web_console/middleware.rb:18:in `call'
actionpack (5.1.4) lib/action_dispatch/middleware/show_exceptions.rb:31:in `call'
railties (5.1.4) lib/rails/rack/logger.rb:36:in `call_app'
railties (5.1.4) lib/rails/rack/logger.rb:24:in `block in call'
activesupport (5.1.4) lib/active_support/tagged_logging.rb:69:in `block in tagged'
activesupport (5.1.4) lib/active_support/tagged_logging.rb:26:in `tagged'
activesupport (5.1.4) lib/active_support/tagged_logging.rb:69:in `tagged'
railties (5.1.4) lib/rails/rack/logger.rb:24:in `call'
sprockets-rails (3.2.1) lib/sprockets/rails/quiet_assets.rb:13:in `call'
actionpack (5.1.4) lib/action_dispatch/middleware/remote_ip.rb:79:in `call'
actionpack (5.1.4) lib/action_dispatch/middleware/request_id.rb:25:in `call'
rack (2.0.3) lib/rack/method_override.rb:22:in `call'
rack (2.0.3) lib/rack/runtime.rb:22:in `call'
activesupport (5.1.4) lib/active_support/cache/strategy/local_cache_middleware.rb:27:in `call'
actionpack (5.1.4) lib/action_dispatch/middleware/executor.rb:12:in `call'
actionpack (5.1.4) lib/action_dispatch/middleware/static.rb:125:in `call'
rack (2.0.3) lib/rack/sendfile.rb:111:in `call'
railties (5.1.4) lib/rails/engine.rb:522:in `call'
puma (3.11.0) lib/puma/configuration.rb:225:in `call'
puma (3.11.0) lib/puma/server.rb:624:in `handle_request'
puma (3.11.0) lib/puma/server.rb:438:in `process_client'
puma (3.11.0) lib/puma/server.rb:302:in `block in run'
puma (3.11.0) lib/puma/thread_pool.rb:120:in `block in spawn_thread'
Started GET "/portfolios/4/edit" for 127.0.0.1 at 2018-01-29 12:05:33 -0700
Processing by PortfoliosController#edit as HTML
  Parameters: {"id"=>"4"}
  [1m[36mPortfolio Load (0.3ms)[0m  [1m[34mSELECT  "portfolios".* FROM "portfolios" WHERE "portfolios"."id" = $1 LIMIT $2[0m  [["id", 4], ["LIMIT", 1]]
  Rendering portfolios/edit.html.erb within layouts/application
  Rendered portfolios/edit.html.erb within layouts/application (2.0ms)
Completed 200 OK in 29ms (Views: 25.1ms | ActiveRecord: 0.3ms)


Started GET "/portfolio/4" for 127.0.0.1 at 2018-01-29 12:05:37 -0700
Processing by PortfoliosController#show as HTML
  Parameters: {"id"=>"4"}
  [1m[36mPortfolio Load (0.3ms)[0m  [1m[34mSELECT  "portfolios".* FROM "portfolios" WHERE "portfolios"."id" = $1 LIMIT $2[0m  [["id", 4], ["LIMIT", 1]]
  Rendering portfolios/show.html.erb within layouts/application
  [1m[36mTechnology Load (0.3ms)[0m  [1m[34mSELECT "technologies".* FROM "technologies" WHERE "technologies"."portfolio_id" = $1[0m  [["portfolio_id", 4]]
  Rendered portfolios/show.html.erb within layouts/application (1.7ms)
Completed 200 OK in 29ms (Views: 25.0ms | ActiveRecord: 0.7ms)


